<?xml version="1.0" encoding="utf-8"?><testsuites name="pytest tests"><testsuite name="pytest" errors="0" failures="0" skipped="0" tests="6" time="1.174" timestamp="2026-04-02T08:21:10.278145+00:00" hostname="agent-env-3c6d847b-d9ef-43da-a689-5807534502af"><testcase classname="backend.tests.test_enhancements.TestTemplateList" name="test_get_all_templates" time="0.219" /><testcase classname="backend.tests.test_enhancements.TestTemplateList" name="test_baby_boy_has_field_definitions" time="0.109" /><testcase classname="backend.tests.test_enhancements.TestTemplateList" name="test_plain_pdf_no_fillable_fields" time="0.139" /><testcase classname="backend.tests.test_enhancements.TestSpreadBlocks" name="test_get_spreads_baby_boy" time="0.111" /><testcase classname="backend.tests.test_enhancements.TestSpreadBlocks" name="test_get_spreads_plain_pdf" time="0.101" /><testcase classname="backend.tests.test_enhancements.TestFieldDefinitionsSave" name="test_add_and_verify_field_definition" time="0.433" /></testsuite></testsuites>