<?xml version="1.0" encoding="utf-8"?><testsuites name="pytest tests"><testsuite name="pytest" errors="0" failures="0" skipped="0" tests="11" time="1.440" timestamp="2026-04-02T13:59:32.692753+00:00" hostname="agent-env-3c6d847b-d9ef-43da-a689-5807534502af"><testcase classname="backend.tests.test_personalization_flow.TestStep1SimulateWebhook" name="test_simulate_returns_200" time="0.184" /><testcase classname="backend.tests.test_personalization_flow.TestStep1SimulateWebhook" name="test_simulate_flow_is_personalization" time="0.000" /><testcase classname="backend.tests.test_personalization_flow.TestStep1SimulateWebhook" name="test_simulate_checkout_id_format" time="0.000" /><testcase classname="backend.tests.test_personalization_flow.TestStep1SimulateWebhook" name="test_simulate_has_session_token" time="0.000" /><testcase classname="backend.tests.test_personalization_flow.TestStep2ByCheckout" name="test_by_checkout_returns_ready" time="0.151" /><testcase classname="backend.tests.test_personalization_flow.TestStep2ByCheckout" name="test_by_checkout_checkout_id_not_order_id" time="0.167" /><testcase classname="backend.tests.test_personalization_flow.TestStep2ByCheckout" name="test_by_order_id_returns_not_found" time="0.312" /><testcase classname="backend.tests.test_personalization_flow.TestStep3AdminSessions" name="test_admin_sessions_returns_200" time="0.173" /><testcase classname="backend.tests.test_personalization_flow.TestStep3AdminSessions" name="test_admin_sessions_has_sessions_key" time="0.145" /><testcase classname="backend.tests.test_personalization_flow.TestStep3AdminSessions" name="test_admin_sessions_contains_created_session" time="0.126" /><testcase classname="backend.tests.test_personalization_flow.TestStep4ResendEmail" name="test_resend_email_returns_success" time="0.106" /></testsuite></testsuites>