<?xml version="1.0" encoding="utf-8"?><testsuites name="pytest tests"><testsuite name="pytest" errors="0" failures="1" skipped="0" tests="4" time="1.153" timestamp="2026-04-02T12:05:48.033666+00:00" hostname="agent-env-3c6d847b-d9ef-43da-a689-5807534502af"><testcase classname="backend.tests.test_preview_pdf.TestPreviewPDF" name="test_preview_pdf_returns_200" time="0.260" /><testcase classname="backend.tests.test_preview_pdf.TestPreviewPDF" name="test_preview_pdf_returns_pdf_content_type" time="0.241" /><testcase classname="backend.tests.test_preview_pdf.TestPreviewPDF" name="test_preview_pdf_contains_dear_john" time="0.274" /><testcase classname="backend.tests.test_preview_pdf.TestPreviewPDF" name="test_spreads_have_image_url" time="0.138"><failure message="AttributeError: 'str' object has no attribute 'get'">backend/tests/test_preview_pdf.py:70: in test_spreads_have_image_url
    assert s.get('spread_image_url') is not None, \
           ^^^^^
E   AttributeError: 'str' object has no attribute 'get'</failure></testcase></testsuite></testsuites>